<?xml version="1.0" encoding="UTF-8"?>
<testsuite xmlns:xsi="http://www.w3.org/2001/XMLSchema-instance" xsi:noNamespaceSchemaLocation="https://maven.apache.org/surefire/maven-surefire-plugin/xsd/surefire-test-report-3.0.xsd" version="3.0" name="com.cqupt.VirtualSimulationTeachingSystemApplicationTests" time="5.578" tests="1" errors="0" skipped="0" failures="0">
  <properties>
[...]
</properties>
  <testcase name="contextLoads" classname="com.cqupt.VirtualSimulationTeachingSystemApplicationTests" time="1.521">
    <system-out><![CDATA[09:33:18.505 [main] INFO org.springframework.test.context.support.AnnotationConfigContextLoaderUtils -- Could not detect default configuration classes for test class [com.cqupt.VirtualSimulationTeachingSystemApplicationTests]: VirtualSimulationTeachingSystemApplicationTests does not declare any static, non-private, non-final, nested classes annotated with @Configuration.
09:33:18.772 [main] INFO org.springframework.boot.test.context.SpringBootTestContextBootstrapper -- Found @SpringBootConfiguration com.cqupt.VirtualSimulationTeachingSystemApplication for test class com.cqupt.VirtualSimulationTeachingSystemApplicationTests

  .   ____          _            __ _ _
 /\\ / ___'_ __ _ _(_)_ __  __ _ \ \ \ \
( ( )\___ | '_ | '_| | '_ \/ _` | \ \ \ \
 \\/  ___)| |_)| | | | | || (_| |  ) ) ) )
  '  |____| .__|_| |_|_| |_\__, | / / / /
 =========|_|==============|___/=/_/_/_/
 :: Spring Boot ::                (v3.1.2)

2023-08-06T09:33:19.390+08:00  INFO 8724 --- [           main] SimulationTeachingSystemApplicationTests : Starting VirtualSimulationTeachingSystemApplicationTests using Java 17.0.7 with PID 8724 (started by Administrator in D:\code\VirtualSimulationTeachingSystem - copy)
2023-08-06T09:33:19.391+08:00  INFO 8724 --- [           main] SimulationTeachingSystemApplicationTests : No active profile set, falling back to 1 default profile: "default"
Logging initialized using 'class org.apache.ibatis.logging.stdout.StdOutImpl' adapter.


,------.                           ,--.  ,--.         ,--.                         
|  .--. '  ,--,--.  ,---.   ,---.  |  '--'  |  ,---.  |  |  ,---.   ,---.  ,--.--. 
|  '--' | ' ,-.  | | .-. | | .-. : |  .--.  | | .-. : |  | | .-. | | .-. : |  .--' 
|  | --'  \ '-'  | ' '-' ' \   --. |  |  |  | \   --. |  | | '-' ' \   --. |  |    
`--'       `--`--' .`-  /   `----' `--'  `--'  `----' `--' |  |-'   `----' `--'    
                   `---'                                   `--'                        is intercepting.

2023-08-06T09:33:22.169+08:00  INFO 8724 --- [           main] SimulationTeachingSystemApplicationTests : Started VirtualSimulationTeachingSystemApplicationTests in 3.146 seconds (process running for 4.733)
Sun Aug 06 09:33:23 CST 2023
]]></system-out>
  </testcase>
</testsuite>